{"/home/rjicha/source/playground/dgkralupy/public/admin/author-widget.js": {"path":"/home/rjicha/source/playground/dgkralupy/public/admin/author-widget.js","statementMap":{"0":{"start":{"line":17,"column":0},"end":{"line":106,"column":null}},"1":{"start":{"line":19,"column":12},"end":{"line":19,"column":31}},"2":{"start":{"line":20,"column":22},"end":{"line":20,"column":45}},"3":{"start":{"line":23,"column":20},"end":{"line":23,"column":61}},"4":{"start":{"line":24,"column":2},"end":{"line":31,"column":null}},"5":{"start":{"line":26,"column":21},"end":{"line":26,"column":80}},"6":{"start":{"line":27,"column":21},"end":{"line":27,"column":76}},"7":{"start":{"line":28,"column":4},"end":{"line":28,"column":null}},"8":{"start":{"line":30,"column":4},"end":{"line":30,"column":null}},"9":{"start":{"line":33,"column":24},"end":{"line":93,"column":4}},"10":{"start":{"line":36,"column":6},"end":{"line":38,"column":null}},"11":{"start":{"line":37,"column":8},"end":{"line":37,"column":null}},"12":{"start":{"line":44,"column":26},"end":{"line":63,"column":7}},"13":{"start":{"line":45,"column":8},"end":{"line":62,"column":null}},"14":{"start":{"line":47,"column":10},"end":{"line":49,"column":null}},"15":{"start":{"line":48,"column":12},"end":{"line":48,"column":null}},"16":{"start":{"line":51,"column":25},"end":{"line":51,"column":65}},"17":{"start":{"line":52,"column":10},"end":{"line":57,"column":null}},"18":{"start":{"line":58,"column":10},"end":{"line":58,"column":null}},"19":{"start":{"line":60,"column":10},"end":{"line":60,"column":null}},"20":{"start":{"line":61,"column":10},"end":{"line":61,"column":null}},"21":{"start":{"line":65,"column":19},"end":{"line":65,"column":32}},"22":{"start":{"line":66,"column":29},"end":{"line":68,"column":58}},"23":{"start":{"line":70,"column":26},"end":{"line":72,"column":35}},"24":{"start":{"line":74,"column":6},"end":{"line":74,"column":null}},"25":{"start":{"line":78,"column":6},"end":{"line":78,"column":null}},"26":{"start":{"line":82,"column":6},"end":{"line":91,"column":null}},"27":{"start":{"line":95,"column":24},"end":{"line":99,"column":4}},"28":{"start":{"line":97,"column":6},"end":{"line":97,"column":null}},"29":{"start":{"line":102,"column":2},"end":{"line":105,"column":null}}},"fnMap":{"0":{"name":"(anonymous_0)","decl":{"start":{"line":17,"column":36},"end":{"line":17,"column":41}},"loc":{"start":{"line":17,"column":48},"end":{"line":106,"column":1}},"line":17},"1":{"name":"(anonymous_1)","decl":{"start":{"line":34,"column":4},"end":{"line":34,"column":21}},"loc":{"start":{"line":34,"column":34},"end":{"line":39,"column":5}},"line":34},"2":{"name":"(anonymous_2)","decl":{"start":{"line":41,"column":4},"end":{"line":41,"column":28}},"loc":{"start":{"line":41,"column":41},"end":{"line":75,"column":5}},"line":41},"3":{"name":"(anonymous_3)","decl":{"start":{"line":44,"column":26},"end":{"line":44,"column":27}},"loc":{"start":{"line":44,"column":32},"end":{"line":63,"column":7}},"line":44},"4":{"name":"(anonymous_4)","decl":{"start":{"line":77,"column":4},"end":{"line":77,"column":16}},"loc":{"start":{"line":77,"column":30},"end":{"line":79,"column":5}},"line":77},"5":{"name":"(anonymous_5)","decl":{"start":{"line":81,"column":4},"end":{"line":81,"column":10}},"loc":{"start":{"line":81,"column":23},"end":{"line":92,"column":null}},"line":81},"6":{"name":"(anonymous_6)","decl":{"start":{"line":96,"column":4},"end":{"line":96,"column":10}},"loc":{"start":{"line":96,"column":23},"end":{"line":98,"column":null}},"line":96}},"branchMap":{"0":{"loc":{"start":{"line":26,"column":21},"end":{"line":26,"column":80}},"type":"binary-expr","locations":[{"start":{"line":26,"column":21},"end":{"line":26,"column":64}},{"start":{"line":26,"column":68},"end":{"line":26,"column":80}}],"line":26},"1":{"loc":{"start":{"line":36,"column":6},"end":{"line":38,"column":null}},"type":"if","locations":[{"start":{"line":36,"column":6},"end":{"line":38,"column":null}},{"start":{},"end":{}}],"line":36},"2":{"loc":{"start":{"line":47,"column":10},"end":{"line":49,"column":null}},"type":"if","locations":[{"start":{"line":47,"column":10},"end":{"line":49,"column":null}},{"start":{},"end":{}}],"line":47},"3":{"loc":{"start":{"line":52,"column":10},"end":{"line":57,"column":null}},"type":"if","locations":[{"start":{"line":52,"column":10},"end":{"line":57,"column":null}},{"start":{},"end":{}}],"line":52},"4":{"loc":{"start":{"line":52,"column":14},"end":{"line":52,"column":55}},"type":"binary-expr","locations":[{"start":{"line":52,"column":14},"end":{"line":52,"column":20}},{"start":{"line":52,"column":24},"end":{"line":52,"column":55}}],"line":52},"5":{"loc":{"start":{"line":66,"column":29},"end":{"line":68,"column":58}},"type":"binary-expr","locations":[{"start":{"line":66,"column":29},"end":{"line":66,"column":68}},{"start":{"line":67,"column":28},"end":{"line":67,"column":39}},{"start":{"line":68,"column":28},"end":{"line":68,"column":58}}],"line":66},"6":{"loc":{"start":{"line":70,"column":26},"end":{"line":72,"column":35}},"type":"cond-expr","locations":[{"start":{"line":71,"column":10},"end":{"line":71,"column":null}},{"start":{"line":72,"column":10},"end":{"line":72,"column":35}}],"line":70},"7":{"loc":{"start":{"line":70,"column":26},"end":{"line":70,"column":null}},"type":"binary-expr","locations":[{"start":{"line":70,"column":26},"end":{"line":70,"column":40}},{"start":{"line":70,"column":44},"end":{"line":70,"column":null}}],"line":70},"8":{"loc":{"start":{"line":87,"column":17},"end":{"line":87,"column":39}},"type":"binary-expr","locations":[{"start":{"line":87,"column":17},"end":{"line":87,"column":33}},{"start":{"line":87,"column":37},"end":{"line":87,"column":39}}],"line":87},"9":{"loc":{"start":{"line":97,"column":26},"end":{"line":97,"column":65}},"type":"binary-expr","locations":[{"start":{"line":97,"column":26},"end":{"line":97,"column":42}},{"start":{"line":97,"column":46},"end":{"line":97,"column":65}}],"line":97}},"s":{"0":0,"1":0,"2":0,"3":0,"4":0,"5":0,"6":0,"7":0,"8":0,"9":0,"10":0,"11":0,"12":0,"13":0,"14":0,"15":0,"16":0,"17":0,"18":0,"19":0,"20":0,"21":0,"22":0,"23":0,"24":0,"25":0,"26":0,"27":0,"28":0,"29":0},"f":{"0":0,"1":0,"2":0,"3":0,"4":0,"5":0,"6":0},"b":{"0":[0,0],"1":[0,0],"2":[0,0],"3":[0,0],"4":[0,0],"5":[0,0,0],"6":[0,0],"7":[0,0],"8":[0,0],"9":[0,0]},"meta":{"lastBranch":10,"lastFunction":7,"lastStatement":30,"seen":{"s:17:0:106:Infinity":0,"f:17:36:17:41":0,"s:19:12:19:31":1,"s:20:22:20:45":2,"s:23:20:23:61":3,"s:24:2:31:Infinity":4,"s:26:21:26:80":5,"b:26:21:26:64:26:68:26:80":0,"s:27:21:27:76":6,"s:28:4:28:Infinity":7,"s:30:4:30:Infinity":8,"s:33:24:93:4":9,"f:34:4:34:21":1,"b:36:6:38:Infinity:undefined:undefined:undefined:undefined":1,"s:36:6:38:Infinity":10,"s:37:8:37:Infinity":11,"f:41:4:41:28":2,"s:44:26:63:7":12,"f:44:26:44:27":3,"s:45:8:62:Infinity":13,"b:47:10:49:Infinity:undefined:undefined:undefined:undefined":2,"s:47:10:49:Infinity":14,"s:48:12:48:Infinity":15,"s:51:25:51:65":16,"b:52:10:57:Infinity:undefined:undefined:undefined:undefined":3,"s:52:10:57:Infinity":17,"b:52:14:52:20:52:24:52:55":4,"s:58:10:58:Infinity":18,"s:60:10:60:Infinity":19,"s:61:10:61:Infinity":20,"s:65:19:65:32":21,"s:66:29:68:58":22,"b:66:29:66:68:67:28:67:39:68:28:68:58":5,"s:70:26:72:35":23,"b:71:10:71:Infinity:72:10:72:35":6,"b:70:26:70:40:70:44:70:Infinity":7,"s:74:6:74:Infinity":24,"f:77:4:77:16":4,"s:78:6:78:Infinity":25,"f:81:4:81:10":5,"s:82:6:91:Infinity":26,"b:87:17:87:33:87:37:87:39":8,"s:95:24:99:4":27,"f:96:4:96:10":6,"s:97:6:97:Infinity":28,"b:97:26:97:42:97:46:97:65":9,"s:102:2:105:Infinity":29}}}
,"/home/rjicha/source/playground/dgkralupy/public/admin/scripts/widget-manager.js": {"path":"/home/rjicha/source/playground/dgkralupy/public/admin/scripts/widget-manager.js","statementMap":{"0":{"start":{"line":25,"column":23},"end":{"line":28,"column":3}},"1":{"start":{"line":30,"column":23},"end":{"line":30,"column":28}},"2":{"start":{"line":37,"column":4},"end":{"line":37,"column":null}},"3":{"start":{"line":39,"column":4},"end":{"line":42,"column":null}},"4":{"start":{"line":40,"column":6},"end":{"line":40,"column":null}},"5":{"start":{"line":41,"column":6},"end":{"line":41,"column":null}},"6":{"start":{"line":44,"column":4},"end":{"line":44,"column":null}},"7":{"start":{"line":45,"column":4},"end":{"line":45,"column":null}},"8":{"start":{"line":46,"column":4},"end":{"line":46,"column":null}},"9":{"start":{"line":49,"column":4},"end":{"line":49,"column":null}},"10":{"start":{"line":56,"column":21},"end":{"line":56,"column":63}},"11":{"start":{"line":57,"column":4},"end":{"line":57,"column":null}},"12":{"start":{"line":59,"column":4},"end":{"line":69,"column":null}},"13":{"start":{"line":60,"column":6},"end":{"line":60,"column":null}},"14":{"start":{"line":61,"column":6},"end":{"line":61,"column":null}},"15":{"start":{"line":62,"column":6},"end":{"line":68,"column":null}},"16":{"start":{"line":63,"column":8},"end":{"line":63,"column":null}},"17":{"start":{"line":64,"column":8},"end":{"line":64,"column":null}},"18":{"start":{"line":66,"column":8},"end":{"line":66,"column":null}},"19":{"start":{"line":67,"column":8},"end":{"line":67,"column":31}},"20":{"start":{"line":76,"column":4},"end":{"line":76,"column":null}},"21":{"start":{"line":79,"column":4},"end":{"line":83,"column":null}},"22":{"start":{"line":80,"column":6},"end":{"line":80,"column":null}},"23":{"start":{"line":81,"column":6},"end":{"line":81,"column":null}},"24":{"start":{"line":82,"column":6},"end":{"line":82,"column":null}},"25":{"start":{"line":85,"column":4},"end":{"line":85,"column":null}},"26":{"start":{"line":88,"column":21},"end":{"line":88,"column":63}},"27":{"start":{"line":89,"column":4},"end":{"line":89,"column":null}},"28":{"start":{"line":91,"column":4},"end":{"line":110,"column":null}},"29":{"start":{"line":92,"column":6},"end":{"line":92,"column":null}},"30":{"start":{"line":93,"column":6},"end":{"line":93,"column":null}},"31":{"start":{"line":94,"column":6},"end":{"line":100,"column":null}},"32":{"start":{"line":95,"column":8},"end":{"line":95,"column":null}},"33":{"start":{"line":96,"column":8},"end":{"line":96,"column":null}},"34":{"start":{"line":98,"column":8},"end":{"line":98,"column":null}},"35":{"start":{"line":99,"column":8},"end":{"line":99,"column":null}},"36":{"start":{"line":101,"column":11},"end":{"line":110,"column":null}},"37":{"start":{"line":102,"column":6},"end":{"line":102,"column":null}},"38":{"start":{"line":104,"column":6},"end":{"line":104,"column":null}},"39":{"start":{"line":105,"column":22},"end":{"line":107,"column":33}},"40":{"start":{"line":106,"column":32},"end":{"line":106,"column":38}},"41":{"start":{"line":107,"column":28},"end":{"line":107,"column":32}},"42":{"start":{"line":108,"column":6},"end":{"line":108,"column":null}},"43":{"start":{"line":119,"column":4},"end":{"line":119,"column":null}},"44":{"start":{"line":127,"column":4},"end":{"line":127,"column":null}},"45":{"start":{"line":130,"column":2},"end":{"line":130,"column":null}},"46":{"start":{"line":133,"column":2},"end":{"line":139,"column":null}},"47":{"start":{"line":143,"column":29},"end":{"line":143,"column":50}},"48":{"start":{"line":146,"column":0},"end":{"line":146,"column":null}},"49":{"start":{"line":149,"column":0},"end":{"line":149,"column":null}}},"fnMap":{"0":{"name":"createWidgetManager","decl":{"start":{"line":23,"column":9},"end":{"line":23,"column":28}},"loc":{"start":{"line":23,"column":31},"end":{"line":140,"column":null}},"line":23},"1":{"name":"markReady","decl":{"start":{"line":36,"column":11},"end":{"line":36,"column":20}},"loc":{"start":{"line":36,"column":33},"end":{"line":50,"column":null}},"line":36},"2":{"name":"checkAndInitialize","decl":{"start":{"line":55,"column":11},"end":{"line":55,"column":29}},"loc":{"start":{"line":55,"column":32},"end":{"line":70,"column":null}},"line":55},"3":{"name":"initializeCMS","decl":{"start":{"line":75,"column":11},"end":{"line":75,"column":24}},"loc":{"start":{"line":75,"column":27},"end":{"line":111,"column":null}},"line":75},"4":{"name":"(anonymous_4)","decl":{"start":{"line":106,"column":16},"end":{"line":106,"column":17}},"loc":{"start":{"line":106,"column":32},"end":{"line":106,"column":38}},"line":106},"5":{"name":"(anonymous_5)","decl":{"start":{"line":107,"column":13},"end":{"line":107,"column":14}},"loc":{"start":{"line":107,"column":28},"end":{"line":107,"column":32}},"line":107},"6":{"name":"isReady","decl":{"start":{"line":118,"column":11},"end":{"line":118,"column":18}},"loc":{"start":{"line":118,"column":31},"end":{"line":120,"column":null}},"line":118},"7":{"name":"getWidgetNames","decl":{"start":{"line":126,"column":11},"end":{"line":126,"column":25}},"loc":{"start":{"line":126,"column":28},"end":{"line":128,"column":null}},"line":126}},"branchMap":{"0":{"loc":{"start":{"line":39,"column":4},"end":{"line":42,"column":null}},"type":"if","locations":[{"start":{"line":39,"column":4},"end":{"line":42,"column":null}},{"start":{},"end":{}}],"line":39},"1":{"loc":{"start":{"line":59,"column":4},"end":{"line":69,"column":null}},"type":"if","locations":[{"start":{"line":59,"column":4},"end":{"line":69,"column":null}},{"start":{},"end":{}}],"line":59},"2":{"loc":{"start":{"line":59,"column":8},"end":{"line":59,"column":72}},"type":"binary-expr","locations":[{"start":{"line":59,"column":8},"end":{"line":59,"column":16}},{"start":{"line":59,"column":20},"end":{"line":59,"column":53}},{"start":{"line":59,"column":57},"end":{"line":59,"column":72}}],"line":59},"3":{"loc":{"start":{"line":79,"column":4},"end":{"line":83,"column":null}},"type":"if","locations":[{"start":{"line":79,"column":4},"end":{"line":83,"column":null}},{"start":{},"end":{}}],"line":79},"4":{"loc":{"start":{"line":91,"column":4},"end":{"line":110,"column":null}},"type":"if","locations":[{"start":{"line":91,"column":4},"end":{"line":110,"column":null}},{"start":{"line":101,"column":11},"end":{"line":110,"column":null}}],"line":91},"5":{"loc":{"start":{"line":91,"column":8},"end":{"line":91,"column":35}},"type":"binary-expr","locations":[{"start":{"line":91,"column":8},"end":{"line":91,"column":16}},{"start":{"line":91,"column":20},"end":{"line":91,"column":35}}],"line":91},"6":{"loc":{"start":{"line":101,"column":11},"end":{"line":110,"column":null}},"type":"if","locations":[{"start":{"line":101,"column":11},"end":{"line":110,"column":null}},{"start":{"line":103,"column":11},"end":{"line":110,"column":null}}],"line":101},"7":{"loc":{"start":{"line":119,"column":11},"end":{"line":119,"column":44}},"type":"binary-expr","locations":[{"start":{"line":119,"column":11},"end":{"line":119,"column":35}},{"start":{"line":119,"column":39},"end":{"line":119,"column":44}}],"line":119}},"s":{"0":35,"1":35,"2":46,"3":46,"4":1,"5":1,"6":45,"7":45,"8":45,"9":45,"10":50,"11":50,"12":50,"13":18,"14":18,"15":18,"16":18,"17":18,"18":4,"19":4,"20":9,"21":9,"22":2,"23":2,"24":2,"25":7,"26":7,"27":7,"28":7,"29":1,"30":1,"31":1,"32":1,"33":1,"34":1,"35":1,"36":6,"37":4,"38":2,"39":2,"40":4,"41":4,"42":2,"43":13,"44":2,"45":35,"46":35,"47":35,"48":35,"49":35},"f":{"0":35,"1":46,"2":50,"3":9,"4":4,"5":4,"6":13,"7":2},"b":{"0":[1,45],"1":[18,32],"2":[50,24,20],"3":[2,7],"4":[1,6],"5":[7,5],"6":[4,2],"7":[13,8]},"meta":{"lastBranch":8,"lastFunction":8,"lastStatement":50,"seen":{"f:23:9:23:28":0,"s:25:23:28:3":0,"s:30:23:30:28":1,"f:36:11:36:20":1,"s:37:4:37:Infinity":2,"b:39:4:42:Infinity:undefined:undefined:undefined:undefined":0,"s:39:4:42:Infinity":3,"s:40:6:40:Infinity":4,"s:41:6:41:Infinity":5,"s:44:4:44:Infinity":6,"s:45:4:45:Infinity":7,"s:46:4:46:Infinity":8,"s:49:4:49:Infinity":9,"f:55:11:55:29":2,"s:56:21:56:63":10,"s:57:4:57:Infinity":11,"b:59:4:69:Infinity:undefined:undefined:undefined:undefined":1,"s:59:4:69:Infinity":12,"b:59:8:59:16:59:20:59:53:59:57:59:72":2,"s:60:6:60:Infinity":13,"s:61:6:61:Infinity":14,"s:62:6:68:Infinity":15,"s:63:8:63:Infinity":16,"s:64:8:64:Infinity":17,"s:66:8:66:Infinity":18,"s:67:8:67:31":19,"f:75:11:75:24":3,"s:76:4:76:Infinity":20,"b:79:4:83:Infinity:undefined:undefined:undefined:undefined":3,"s:79:4:83:Infinity":21,"s:80:6:80:Infinity":22,"s:81:6:81:Infinity":23,"s:82:6:82:Infinity":24,"s:85:4:85:Infinity":25,"s:88:21:88:63":26,"s:89:4:89:Infinity":27,"b:91:4:110:Infinity:101:11:110:Infinity":4,"s:91:4:110:Infinity":28,"b:91:8:91:16:91:20:91:35":5,"s:92:6:92:Infinity":29,"s:93:6:93:Infinity":30,"s:94:6:100:Infinity":31,"s:95:8:95:Infinity":32,"s:96:8:96:Infinity":33,"s:98:8:98:Infinity":34,"s:99:8:99:Infinity":35,"b:101:11:110:Infinity:103:11:110:Infinity":6,"s:101:11:110:Infinity":36,"s:102:6:102:Infinity":37,"s:104:6:104:Infinity":38,"s:105:22:107:33":39,"f:106:16:106:17":4,"s:106:32:106:38":40,"f:107:13:107:14":5,"s:107:28:107:32":41,"s:108:6:108:Infinity":42,"f:118:11:118:18":6,"s:119:4:119:Infinity":43,"b:119:11:119:35:119:39:119:44":7,"f:126:11:126:25":7,"s:127:4:127:Infinity":44,"s:130:2:130:Infinity":45,"s:133:2:139:Infinity":46,"s:143:29:143:50":47,"s:146:0:146:Infinity":48,"s:149:0:149:Infinity":49}}}
,"/home/rjicha/source/playground/dgkralupy/public/admin/scripts/utils/wait-for-deps.js": {"path":"/home/rjicha/source/playground/dgkralupy/public/admin/scripts/utils/wait-for-deps.js","statementMap":{"0":{"start":{"line":18,"column":20},"end":{"line":18,"column":30}},"1":{"start":{"line":19,"column":19},"end":{"line":19,"column":22}},"2":{"start":{"line":21,"column":2},"end":{"line":30,"column":null}},"3":{"start":{"line":22,"column":25},"end":{"line":22,"column":69}},"4":{"start":{"line":22,"column":43},"end":{"line":22,"column":68}},"5":{"start":{"line":23,"column":4},"end":{"line":26,"column":null}},"6":{"start":{"line":24,"column":6},"end":{"line":24,"column":null}},"7":{"start":{"line":25,"column":6},"end":{"line":25,"column":null}},"8":{"start":{"line":29,"column":4},"end":{"line":29,"column":null}},"9":{"start":{"line":29,"column":33},"end":{"line":29,"column":62}},"10":{"start":{"line":33,"column":18},"end":{"line":33,"column":63}},"11":{"start":{"line":33,"column":37},"end":{"line":33,"column":62}},"12":{"start":{"line":34,"column":2},"end":{"line":34,"column":null}}},"fnMap":{"0":{"name":"waitForDependencies","decl":{"start":{"line":17,"column":22},"end":{"line":17,"column":41}},"loc":{"start":{"line":17,"column":65},"end":{"line":35,"column":null}},"line":17},"1":{"name":"(anonymous_1)","decl":{"start":{"line":22,"column":36},"end":{"line":22,"column":39}},"loc":{"start":{"line":22,"column":43},"end":{"line":22,"column":68}},"line":22},"2":{"name":"(anonymous_2)","decl":{"start":{"line":29,"column":22},"end":{"line":29,"column":29}},"loc":{"start":{"line":29,"column":33},"end":{"line":29,"column":62}},"line":29},"3":{"name":"(anonymous_3)","decl":{"start":{"line":33,"column":30},"end":{"line":33,"column":33}},"loc":{"start":{"line":33,"column":37},"end":{"line":33,"column":62}},"line":33}},"branchMap":{"0":{"loc":{"start":{"line":17,"column":48},"end":{"line":17,"column":63}},"type":"default-arg","locations":[{"start":{"line":17,"column":58},"end":{"line":17,"column":63}}],"line":17},"1":{"loc":{"start":{"line":23,"column":4},"end":{"line":26,"column":null}},"type":"if","locations":[{"start":{"line":23,"column":4},"end":{"line":26,"column":null}},{"start":{},"end":{}}],"line":23}},"s":{"0":26,"1":26,"2":26,"3":49,"4":88,"5":49,"6":23,"7":23,"8":26,"9":26,"10":3,"11":9,"12":3},"f":{"0":26,"1":88,"2":26,"3":9},"b":{"0":[26],"1":[23,26]},"meta":{"lastBranch":2,"lastFunction":4,"lastStatement":13,"seen":{"f:17:22:17:41":0,"b:17:58:17:63":0,"s:18:20:18:30":0,"s:19:19:19:22":1,"s:21:2:30:Infinity":2,"s:22:25:22:69":3,"f:22:36:22:39":1,"s:22:43:22:68":4,"b:23:4:26:Infinity:undefined:undefined:undefined:undefined":1,"s:23:4:26:Infinity":5,"s:24:6:24:Infinity":6,"s:25:6:25:Infinity":7,"s:29:4:29:Infinity":8,"f:29:22:29:29":2,"s:29:33:29:62":9,"s:33:18:33:63":10,"f:33:30:33:33":3,"s:33:37:33:62":11,"s:34:2:34:Infinity":12}}}
,"/home/rjicha/source/playground/dgkralupy/public/admin/scripts/utils/widget-registration.js": {"path":"/home/rjicha/source/playground/dgkralupy/public/admin/scripts/utils/widget-registration.js","statementMap":{"0":{"start":{"line":31,"column":2},"end":{"line":63,"column":null}},"1":{"start":{"line":32,"column":4},"end":{"line":32,"column":null}},"2":{"start":{"line":35,"column":4},"end":{"line":35,"column":null}},"3":{"start":{"line":37,"column":4},"end":{"line":37,"column":null}},"4":{"start":{"line":40,"column":33},"end":{"line":40,"column":48}},"5":{"start":{"line":42,"column":4},"end":{"line":44,"column":null}},"6":{"start":{"line":43,"column":6},"end":{"line":43,"column":null}},"7":{"start":{"line":47,"column":4},"end":{"line":47,"column":null}},"8":{"start":{"line":48,"column":4},"end":{"line":48,"column":null}},"9":{"start":{"line":51,"column":4},"end":{"line":58,"column":null}},"10":{"start":{"line":52,"column":6},"end":{"line":52,"column":null}},"11":{"start":{"line":53,"column":11},"end":{"line":58,"column":null}},"12":{"start":{"line":55,"column":6},"end":{"line":55,"column":null}},"13":{"start":{"line":57,"column":6},"end":{"line":57,"column":null}},"14":{"start":{"line":61,"column":4},"end":{"line":61,"column":null}},"15":{"start":{"line":62,"column":4},"end":{"line":62,"column":null}}},"fnMap":{"0":{"name":"registerWidget","decl":{"start":{"line":30,"column":22},"end":{"line":30,"column":36}},"loc":{"start":{"line":30,"column":52},"end":{"line":64,"column":null}},"line":30}},"branchMap":{"0":{"loc":{"start":{"line":42,"column":4},"end":{"line":44,"column":null}},"type":"if","locations":[{"start":{"line":42,"column":4},"end":{"line":44,"column":null}},{"start":{},"end":{}}],"line":42},"1":{"loc":{"start":{"line":51,"column":4},"end":{"line":58,"column":null}},"type":"if","locations":[{"start":{"line":51,"column":4},"end":{"line":58,"column":null}},{"start":{"line":53,"column":11},"end":{"line":58,"column":null}}],"line":51},"2":{"loc":{"start":{"line":51,"column":8},"end":{"line":51,"column":107}},"type":"binary-expr","locations":[{"start":{"line":51,"column":8},"end":{"line":51,"column":51}},{"start":{"line":51,"column":55},"end":{"line":51,"column":107}}],"line":51},"3":{"loc":{"start":{"line":53,"column":11},"end":{"line":58,"column":null}},"type":"if","locations":[{"start":{"line":53,"column":11},"end":{"line":58,"column":null}},{"start":{"line":56,"column":11},"end":{"line":58,"column":null}}],"line":53}},"s":{"0":34,"1":34,"2":34,"3":33,"4":33,"5":30,"6":2,"7":28,"8":28,"9":28,"10":22,"11":4,"12":2,"13":2,"14":8,"15":8},"f":{"0":34},"b":{"0":[2,28],"1":[22,4],"2":[28,23],"3":[2,2]},"meta":{"lastBranch":4,"lastFunction":1,"lastStatement":16,"seen":{"f:30:22:30:36":0,"s:31:2:63:Infinity":0,"s:32:4:32:Infinity":1,"s:35:4:35:Infinity":2,"s:37:4:37:Infinity":3,"s:40:33:40:48":4,"b:42:4:44:Infinity:undefined:undefined:undefined:undefined":0,"s:42:4:44:Infinity":5,"s:43:6:43:Infinity":6,"s:47:4:47:Infinity":7,"s:48:4:48:Infinity":8,"b:51:4:58:Infinity:53:11:58:Infinity":1,"s:51:4:58:Infinity":9,"b:51:8:51:51:51:55:51:107":2,"s:52:6:52:Infinity":10,"b:53:11:58:Infinity:56:11:58:Infinity":3,"s:53:11:58:Infinity":11,"s:55:6:55:Infinity":12,"s:57:6:57:Infinity":13,"s:61:4:61:Infinity":14,"s:62:4:62:Infinity":15}}}
,"/home/rjicha/source/playground/dgkralupy/public/admin/widgets/image-crop-widget.js": {"path":"/home/rjicha/source/playground/dgkralupy/public/admin/widgets/image-crop-widget.js","statementMap":{"0":{"start":{"line":40,"column":0},"end":{"line":618,"column":null}},"1":{"start":{"line":42,"column":12},"end":{"line":42,"column":31}},"2":{"start":{"line":43,"column":22},"end":{"line":43,"column":45}},"3":{"start":{"line":46,"column":25},"end":{"line":51,"column":3}},"4":{"start":{"line":59,"column":4},"end":{"line":106,"column":null}},"5":{"start":{"line":60,"column":27},"end":{"line":60,"column":68}},"6":{"start":{"line":61,"column":26},"end":{"line":61,"column":42}},"7":{"start":{"line":64,"column":6},"end":{"line":71,"column":null}},"8":{"start":{"line":65,"column":29},"end":{"line":65,"column":80}},"9":{"start":{"line":66,"column":8},"end":{"line":69,"column":null}},"10":{"start":{"line":70,"column":8},"end":{"line":70,"column":null}},"11":{"start":{"line":74,"column":6},"end":{"line":81,"column":null}},"12":{"start":{"line":75,"column":23},"end":{"line":75,"column":61}},"13":{"start":{"line":76,"column":8},"end":{"line":79,"column":null}},"14":{"start":{"line":80,"column":8},"end":{"line":80,"column":null}},"15":{"start":{"line":84,"column":18},"end":{"line":84,"column":29}},"16":{"start":{"line":85,"column":6},"end":{"line":101,"column":null}},"17":{"start":{"line":86,"column":8},"end":{"line":92,"column":null}},"18":{"start":{"line":87,"column":10},"end":{"line":90,"column":null}},"19":{"start":{"line":91,"column":10},"end":{"line":91,"column":null}},"20":{"start":{"line":93,"column":8},"end":{"line":99,"column":null}},"21":{"start":{"line":94,"column":10},"end":{"line":97,"column":null}},"22":{"start":{"line":98,"column":10},"end":{"line":98,"column":null}},"23":{"start":{"line":100,"column":8},"end":{"line":100,"column":null}},"24":{"start":{"line":102,"column":6},"end":{"line":104,"column":null}},"25":{"start":{"line":103,"column":8},"end":{"line":103,"column":null}},"26":{"start":{"line":105,"column":6},"end":{"line":105,"column":null}},"27":{"start":{"line":112,"column":27},"end":{"line":582,"column":4}},"28":{"start":{"line":114,"column":20},"end":{"line":114,"column":42}},"29":{"start":{"line":115,"column":6},"end":{"line":126,"column":null}},"30":{"start":{"line":131,"column":6},"end":{"line":134,"column":null}},"31":{"start":{"line":133,"column":8},"end":{"line":133,"column":null}},"32":{"start":{"line":139,"column":6},"end":{"line":148,"column":null}},"33":{"start":{"line":140,"column":8},"end":{"line":144,"column":null}},"34":{"start":{"line":143,"column":10},"end":{"line":143,"column":null}},"35":{"start":{"line":145,"column":13},"end":{"line":148,"column":null}},"36":{"start":{"line":147,"column":8},"end":{"line":147,"column":null}},"37":{"start":{"line":152,"column":6},"end":{"line":152,"column":null}},"38":{"start":{"line":157,"column":6},"end":{"line":157,"column":null}},"39":{"start":{"line":160,"column":6},"end":{"line":164,"column":null}},"40":{"start":{"line":161,"column":8},"end":{"line":161,"column":null}},"41":{"start":{"line":162,"column":8},"end":{"line":162,"column":null}},"42":{"start":{"line":162,"column":25},"end":{"line":162,"column":49}},"43":{"start":{"line":163,"column":8},"end":{"line":163,"column":null}},"44":{"start":{"line":166,"column":45},"end":{"line":166,"column":55}},"45":{"start":{"line":167,"column":26},"end":{"line":167,"column":56}},"46":{"start":{"line":169,"column":6},"end":{"line":169,"column":null}},"47":{"start":{"line":169,"column":41},"end":{"line":169,"column":null}},"48":{"start":{"line":172,"column":6},"end":{"line":204,"column":null}},"49":{"start":{"line":187,"column":27},"end":{"line":192,"column":11}},"50":{"start":{"line":194,"column":10},"end":{"line":202,"column":null}},"51":{"start":{"line":201,"column":12},"end":{"line":201,"column":null}},"52":{"start":{"line":208,"column":6},"end":{"line":211,"column":null}},"53":{"start":{"line":209,"column":8},"end":{"line":209,"column":null}},"54":{"start":{"line":210,"column":8},"end":{"line":210,"column":null}},"55":{"start":{"line":215,"column":46},"end":{"line":215,"column":56}},"56":{"start":{"line":217,"column":6},"end":{"line":221,"column":null}},"57":{"start":{"line":219,"column":8},"end":{"line":219,"column":null}},"58":{"start":{"line":220,"column":8},"end":{"line":220,"column":null}},"59":{"start":{"line":223,"column":20},"end":{"line":227,"column":7}},"60":{"start":{"line":230,"column":6},"end":{"line":232,"column":null}},"61":{"start":{"line":231,"column":8},"end":{"line":231,"column":null}},"62":{"start":{"line":234,"column":6},"end":{"line":234,"column":null}},"63":{"start":{"line":238,"column":19},"end":{"line":238,"column":38}},"64":{"start":{"line":239,"column":6},"end":{"line":239,"column":null}},"65":{"start":{"line":239,"column":17},"end":{"line":239,"column":null}},"66":{"start":{"line":241,"column":6},"end":{"line":241,"column":null}},"67":{"start":{"line":244,"column":25},"end":{"line":244,"column":50}},"68":{"start":{"line":246,"column":6},"end":{"line":252,"column":null}},"69":{"start":{"line":247,"column":8},"end":{"line":250,"column":null}},"70":{"start":{"line":251,"column":8},"end":{"line":251,"column":null}},"71":{"start":{"line":255,"column":21},"end":{"line":255,"column":37}},"72":{"start":{"line":256,"column":6},"end":{"line":269,"column":null}},"73":{"start":{"line":257,"column":8},"end":{"line":268,"column":null}},"74":{"start":{"line":263,"column":10},"end":{"line":263,"column":null}},"75":{"start":{"line":265,"column":10},"end":{"line":267,"column":null}},"76":{"start":{"line":266,"column":12},"end":{"line":266,"column":null}},"77":{"start":{"line":270,"column":6},"end":{"line":275,"column":null}},"78":{"start":{"line":271,"column":8},"end":{"line":274,"column":null}},"79":{"start":{"line":276,"column":6},"end":{"line":276,"column":null}},"80":{"start":{"line":280,"column":6},"end":{"line":282,"column":null}},"81":{"start":{"line":281,"column":8},"end":{"line":281,"column":null}},"82":{"start":{"line":286,"column":6},"end":{"line":286,"column":null}},"83":{"start":{"line":286,"column":33},"end":{"line":286,"column":null}},"84":{"start":{"line":288,"column":19},"end":{"line":288,"column":63}},"85":{"start":{"line":289,"column":16},"end":{"line":289,"column":60}},"86":{"start":{"line":290,"column":16},"end":{"line":290,"column":60}},"87":{"start":{"line":292,"column":6},"end":{"line":299,"column":null}},"88":{"start":{"line":298,"column":8},"end":{"line":298,"column":null}},"89":{"start":{"line":303,"column":6},"end":{"line":310,"column":null}},"90":{"start":{"line":304,"column":8},"end":{"line":304,"column":null}},"91":{"start":{"line":305,"column":8},"end":{"line":309,"column":null}},"92":{"start":{"line":308,"column":10},"end":{"line":308,"column":null}},"93":{"start":{"line":314,"column":6},"end":{"line":314,"column":28}},"94":{"start":{"line":315,"column":6},"end":{"line":330,"column":null}},"95":{"start":{"line":325,"column":8},"end":{"line":325,"column":null}},"96":{"start":{"line":327,"column":8},"end":{"line":329,"column":null}},"97":{"start":{"line":328,"column":10},"end":{"line":328,"column":null}},"98":{"start":{"line":334,"column":6},"end":{"line":334,"column":null}},"99":{"start":{"line":338,"column":6},"end":{"line":338,"column":null}},"100":{"start":{"line":342,"column":40},"end":{"line":342,"column":50}},"101":{"start":{"line":345,"column":23},"end":{"line":345,"column":35}},"102":{"start":{"line":346,"column":6},"end":{"line":346,"column":null}},"103":{"start":{"line":348,"column":6},"end":{"line":354,"column":null}},"104":{"start":{"line":349,"column":8},"end":{"line":349,"column":null}},"105":{"start":{"line":351,"column":8},"end":{"line":353,"column":null}},"106":{"start":{"line":352,"column":10},"end":{"line":352,"column":null}},"107":{"start":{"line":358,"column":132},"end":{"line":358,"column":142}},"108":{"start":{"line":359,"column":24},"end":{"line":359,"column":34}},"109":{"start":{"line":361,"column":6},"end":{"line":580,"column":null}},"110":{"start":{"line":378,"column":27},"end":{"line":378,"column":50}},"111":{"start":{"line":490,"column":29},"end":{"line":490,"column":55}},"112":{"start":{"line":540,"column":14},"end":{"line":540,"column":null}},"113":{"start":{"line":555,"column":31},"end":{"line":555,"column":57}},"114":{"start":{"line":587,"column":27},"end":{"line":611,"column":3}},"115":{"start":{"line":588,"column":4},"end":{"line":590,"column":null}},"116":{"start":{"line":589,"column":6},"end":{"line":589,"column":null}},"117":{"start":{"line":592,"column":21},"end":{"line":592,"column":71}},"118":{"start":{"line":594,"column":4},"end":{"line":610,"column":null}},"119":{"start":{"line":614,"column":2},"end":{"line":617,"column":null}}},"fnMap":{"0":{"name":"(anonymous_0)","decl":{"start":{"line":40,"column":35},"end":{"line":40,"column":40}},"loc":{"start":{"line":40,"column":47},"end":{"line":618,"column":1}},"line":40},"1":{"name":"validateImage","decl":{"start":{"line":58,"column":11},"end":{"line":58,"column":24}},"loc":{"start":{"line":58,"column":31},"end":{"line":107,"column":null}},"line":58},"2":{"name":"(anonymous_2)","decl":{"start":{"line":59,"column":23},"end":{"line":59,"column":24}},"loc":{"start":{"line":59,"column":36},"end":{"line":106,"column":5}},"line":59},"3":{"name":"(anonymous_3)","decl":{"start":{"line":85,"column":19},"end":{"line":85,"column":20}},"loc":{"start":{"line":85,"column":25},"end":{"line":101,"column":7}},"line":85},"4":{"name":"(anonymous_4)","decl":{"start":{"line":102,"column":20},"end":{"line":102,"column":21}},"loc":{"start":{"line":102,"column":26},"end":{"line":104,"column":7}},"line":102},"5":{"name":"(anonymous_5)","decl":{"start":{"line":113,"column":4},"end":{"line":113,"column":19}},"loc":{"start":{"line":113,"column":32},"end":{"line":127,"column":5}},"line":113},"6":{"name":"(anonymous_6)","decl":{"start":{"line":129,"column":4},"end":{"line":129,"column":21}},"loc":{"start":{"line":129,"column":34},"end":{"line":135,"column":5}},"line":129},"7":{"name":"(anonymous_7)","decl":{"start":{"line":137,"column":4},"end":{"line":137,"column":22}},"loc":{"start":{"line":137,"column":56},"end":{"line":149,"column":5}},"line":137},"8":{"name":"(anonymous_8)","decl":{"start":{"line":151,"column":4},"end":{"line":151,"column":24}},"loc":{"start":{"line":151,"column":37},"end":{"line":153,"column":5}},"line":151},"9":{"name":"(anonymous_9)","decl":{"start":{"line":155,"column":4},"end":{"line":155,"column":21}},"loc":{"start":{"line":155,"column":34},"end":{"line":205,"column":5}},"line":155},"10":{"name":"(anonymous_10)","decl":{"start":{"line":162,"column":19},"end":{"line":162,"column":20}},"loc":{"start":{"line":162,"column":25},"end":{"line":162,"column":49}},"line":162},"11":{"name":"(anonymous_11)","decl":{"start":{"line":185,"column":14},"end":{"line":185,"column":15}},"loc":{"start":{"line":185,"column":25},"end":{"line":203,"column":null}},"line":185},"12":{"name":"(anonymous_12)","decl":{"start":{"line":199,"column":13},"end":{"line":199,"column":14}},"loc":{"start":{"line":199,"column":19},"end":{"line":202,"column":11}},"line":199},"13":{"name":"(anonymous_13)","decl":{"start":{"line":207,"column":4},"end":{"line":207,"column":18}},"loc":{"start":{"line":207,"column":31},"end":{"line":212,"column":5}},"line":207},"14":{"name":"(anonymous_14)","decl":{"start":{"line":214,"column":4},"end":{"line":214,"column":15}},"loc":{"start":{"line":214,"column":28},"end":{"line":235,"column":5}},"line":214},"15":{"name":"(anonymous_15)","decl":{"start":{"line":237,"column":4},"end":{"line":237,"column":20}},"loc":{"start":{"line":237,"column":40},"end":{"line":277,"column":5}},"line":237},"16":{"name":"(anonymous_16)","decl":{"start":{"line":256,"column":22},"end":{"line":256,"column":23}},"loc":{"start":{"line":256,"column":28},"end":{"line":269,"column":7}},"line":256},"17":{"name":"(anonymous_17)","decl":{"start":{"line":262,"column":11},"end":{"line":262,"column":12}},"loc":{"start":{"line":262,"column":17},"end":{"line":268,"column":9}},"line":262},"18":{"name":"(anonymous_18)","decl":{"start":{"line":265,"column":21},"end":{"line":265,"column":22}},"loc":{"start":{"line":265,"column":27},"end":{"line":267,"column":11}},"line":265},"19":{"name":"(anonymous_19)","decl":{"start":{"line":270,"column":23},"end":{"line":270,"column":24}},"loc":{"start":{"line":270,"column":29},"end":{"line":275,"column":7}},"line":270},"20":{"name":"(anonymous_20)","decl":{"start":{"line":279,"column":4},"end":{"line":279,"column":19}},"loc":{"start":{"line":279,"column":33},"end":{"line":283,"column":5}},"line":279},"21":{"name":"(anonymous_21)","decl":{"start":{"line":280,"column":45},"end":{"line":280,"column":46}},"loc":{"start":{"line":280,"column":51},"end":{"line":282,"column":7}},"line":280},"22":{"name":"(anonymous_22)","decl":{"start":{"line":285,"column":4},"end":{"line":285,"column":25}},"loc":{"start":{"line":285,"column":39},"end":{"line":300,"column":5}},"line":285},"23":{"name":"(anonymous_23)","decl":{"start":{"line":297,"column":9},"end":{"line":297,"column":10}},"loc":{"start":{"line":297,"column":15},"end":{"line":299,"column":7}},"line":297},"24":{"name":"(anonymous_24)","decl":{"start":{"line":302,"column":4},"end":{"line":302,"column":27}},"loc":{"start":{"line":302,"column":41},"end":{"line":311,"column":5}},"line":302},"25":{"name":"(anonymous_25)","decl":{"start":{"line":307,"column":11},"end":{"line":307,"column":12}},"loc":{"start":{"line":307,"column":17},"end":{"line":309,"column":9}},"line":307},"26":{"name":"(anonymous_26)","decl":{"start":{"line":313,"column":4},"end":{"line":313,"column":21}},"loc":{"start":{"line":313,"column":34},"end":{"line":331,"column":5}},"line":313},"27":{"name":"(anonymous_27)","decl":{"start":{"line":324,"column":9},"end":{"line":324,"column":10}},"loc":{"start":{"line":324,"column":15},"end":{"line":330,"column":7}},"line":324},"28":{"name":"(anonymous_28)","decl":{"start":{"line":333,"column":4},"end":{"line":333,"column":24}},"loc":{"start":{"line":333,"column":37},"end":{"line":335,"column":5}},"line":333},"29":{"name":"(anonymous_29)","decl":{"start":{"line":337,"column":4},"end":{"line":337,"column":23}},"loc":{"start":{"line":337,"column":37},"end":{"line":339,"column":5}},"line":337},"30":{"name":"(anonymous_30)","decl":{"start":{"line":341,"column":4},"end":{"line":341,"column":19}},"loc":{"start":{"line":341,"column":32},"end":{"line":355,"column":5}},"line":341},"31":{"name":"(anonymous_31)","decl":{"start":{"line":348,"column":41},"end":{"line":348,"column":42}},"loc":{"start":{"line":348,"column":47},"end":{"line":354,"column":7}},"line":348},"32":{"name":"(anonymous_32)","decl":{"start":{"line":357,"column":4},"end":{"line":357,"column":10}},"loc":{"start":{"line":357,"column":23},"end":{"line":581,"column":null}},"line":357},"33":{"name":"(anonymous_33)","decl":{"start":{"line":378,"column":17},"end":{"line":378,"column":18}},"loc":{"start":{"line":378,"column":25},"end":{"line":378,"column":52}},"line":378},"34":{"name":"(anonymous_34)","decl":{"start":{"line":490,"column":19},"end":{"line":490,"column":20}},"loc":{"start":{"line":490,"column":27},"end":{"line":490,"column":57}},"line":490},"35":{"name":"(anonymous_35)","decl":{"start":{"line":539,"column":50},"end":{"line":539,"column":51}},"loc":{"start":{"line":540,"column":14},"end":{"line":540,"column":null}},"line":540},"36":{"name":"(anonymous_36)","decl":{"start":{"line":555,"column":21},"end":{"line":555,"column":22}},"loc":{"start":{"line":555,"column":29},"end":{"line":555,"column":59}},"line":555},"37":{"name":"(anonymous_37)","decl":{"start":{"line":587,"column":27},"end":{"line":587,"column":28}},"loc":{"start":{"line":587,"column":42},"end":{"line":611,"column":3}},"line":587}},"branchMap":{"0":{"loc":{"start":{"line":64,"column":6},"end":{"line":71,"column":null}},"type":"if","locations":[{"start":{"line":64,"column":6},"end":{"line":71,"column":null}},{"start":{},"end":{}}],"line":64},"1":{"loc":{"start":{"line":65,"column":29},"end":{"line":65,"column":80}},"type":"binary-expr","locations":[{"start":{"line":65,"column":29},"end":{"line":65,"column":67}},{"start":{"line":65,"column":71},"end":{"line":65,"column":80}}],"line":65},"2":{"loc":{"start":{"line":74,"column":6},"end":{"line":81,"column":null}},"type":"if","locations":[{"start":{"line":74,"column":6},"end":{"line":81,"column":null}},{"start":{},"end":{}}],"line":74},"3":{"loc":{"start":{"line":86,"column":8},"end":{"line":92,"column":null}},"type":"if","locations":[{"start":{"line":86,"column":8},"end":{"line":92,"column":null}},{"start":{},"end":{}}],"line":86},"4":{"loc":{"start":{"line":86,"column":12},"end":{"line":86,"column":47}},"type":"binary-expr","locations":[{"start":{"line":86,"column":12},"end":{"line":86,"column":27}},{"start":{"line":86,"column":31},"end":{"line":86,"column":47}}],"line":86},"5":{"loc":{"start":{"line":93,"column":8},"end":{"line":99,"column":null}},"type":"if","locations":[{"start":{"line":93,"column":8},"end":{"line":99,"column":null}},{"start":{},"end":{}}],"line":93},"6":{"loc":{"start":{"line":93,"column":12},"end":{"line":93,"column":49}},"type":"binary-expr","locations":[{"start":{"line":93,"column":12},"end":{"line":93,"column":28}},{"start":{"line":93,"column":32},"end":{"line":93,"column":49}}],"line":93},"7":{"loc":{"start":{"line":114,"column":20},"end":{"line":114,"column":42}},"type":"binary-expr","locations":[{"start":{"line":114,"column":20},"end":{"line":114,"column":36}},{"start":{"line":114,"column":40},"end":{"line":114,"column":42}}],"line":114},"8":{"loc":{"start":{"line":116,"column":13},"end":{"line":116,"column":28}},"type":"binary-expr","locations":[{"start":{"line":116,"column":13},"end":{"line":116,"column":22}},{"start":{"line":116,"column":26},"end":{"line":116,"column":28}}],"line":116},"9":{"loc":{"start":{"line":117,"column":13},"end":{"line":117,"column":28}},"type":"binary-expr","locations":[{"start":{"line":117,"column":13},"end":{"line":117,"column":22}},{"start":{"line":117,"column":26},"end":{"line":117,"column":28}}],"line":117},"10":{"loc":{"start":{"line":118,"column":20},"end":{"line":118,"column":56}},"type":"binary-expr","locations":[{"start":{"line":118,"column":20},"end":{"line":118,"column":36}},{"start":{"line":118,"column":40},"end":{"line":118,"column":56}}],"line":118},"11":{"loc":{"start":{"line":119,"column":15},"end":{"line":119,"column":32}},"type":"binary-expr","locations":[{"start":{"line":119,"column":15},"end":{"line":119,"column":26}},{"start":{"line":119,"column":30},"end":{"line":119,"column":32}}],"line":119},"12":{"loc":{"start":{"line":131,"column":6},"end":{"line":134,"column":null}},"type":"if","locations":[{"start":{"line":131,"column":6},"end":{"line":134,"column":null}},{"start":{},"end":{}}],"line":131},"13":{"loc":{"start":{"line":131,"column":10},"end":{"line":131,"column":43}},"type":"binary-expr","locations":[{"start":{"line":131,"column":10},"end":{"line":131,"column":24}},{"start":{"line":131,"column":28},"end":{"line":131,"column":43}}],"line":131},"14":{"loc":{"start":{"line":139,"column":6},"end":{"line":148,"column":null}},"type":"if","locations":[{"start":{"line":139,"column":6},"end":{"line":148,"column":null}},{"start":{"line":145,"column":13},"end":{"line":148,"column":null}}],"line":139},"15":{"loc":{"start":{"line":139,"column":10},"end":{"line":139,"column":75}},"type":"binary-expr","locations":[{"start":{"line":139,"column":10},"end":{"line":139,"column":33}},{"start":{"line":139,"column":37},"end":{"line":139,"column":51}},{"start":{"line":139,"column":55},"end":{"line":139,"column":75}}],"line":139},"16":{"loc":{"start":{"line":140,"column":8},"end":{"line":144,"column":null}},"type":"if","locations":[{"start":{"line":140,"column":8},"end":{"line":144,"column":null}},{"start":{},"end":{}}],"line":140},"17":{"loc":{"start":{"line":140,"column":12},"end":{"line":142,"column":62}},"type":"binary-expr","locations":[{"start":{"line":140,"column":12},"end":{"line":140,"column":28}},{"start":{"line":141,"column":12},"end":{"line":141,"column":66}},{"start":{"line":142,"column":12},"end":{"line":142,"column":62}}],"line":140},"18":{"loc":{"start":{"line":145,"column":13},"end":{"line":148,"column":null}},"type":"if","locations":[{"start":{"line":145,"column":13},"end":{"line":148,"column":null}},{"start":{},"end":{}}],"line":145},"19":{"loc":{"start":{"line":145,"column":17},"end":{"line":145,"column":60}},"type":"binary-expr","locations":[{"start":{"line":145,"column":17},"end":{"line":145,"column":41}},{"start":{"line":145,"column":45},"end":{"line":145,"column":60}}],"line":145},"20":{"loc":{"start":{"line":160,"column":6},"end":{"line":164,"column":null}},"type":"if","locations":[{"start":{"line":160,"column":6},"end":{"line":164,"column":null}},{"start":{},"end":{}}],"line":160},"21":{"loc":{"start":{"line":169,"column":6},"end":{"line":169,"column":null}},"type":"if","locations":[{"start":{"line":169,"column":6},"end":{"line":169,"column":null}},{"start":{},"end":{}}],"line":169},"22":{"loc":{"start":{"line":169,"column":10},"end":{"line":169,"column":39}},"type":"binary-expr","locations":[{"start":{"line":169,"column":10},"end":{"line":169,"column":31}},{"start":{"line":169,"column":35},"end":{"line":169,"column":39}}],"line":169},"23":{"loc":{"start":{"line":208,"column":6},"end":{"line":211,"column":null}},"type":"if","locations":[{"start":{"line":208,"column":6},"end":{"line":211,"column":null}},{"start":{},"end":{}}],"line":208},"24":{"loc":{"start":{"line":217,"column":6},"end":{"line":221,"column":null}},"type":"if","locations":[{"start":{"line":217,"column":6},"end":{"line":221,"column":null}},{"start":{},"end":{}}],"line":217},"25":{"loc":{"start":{"line":225,"column":13},"end":{"line":225,"column":22}},"type":"binary-expr","locations":[{"start":{"line":225,"column":13},"end":{"line":225,"column":16}},{"start":{"line":225,"column":20},"end":{"line":225,"column":22}}],"line":225},"26":{"loc":{"start":{"line":226,"column":20},"end":{"line":226,"column":null}},"type":"binary-expr","locations":[{"start":{"line":226,"column":20},"end":{"line":226,"column":30}},{"start":{"line":226,"column":34},"end":{"line":226,"column":null}}],"line":226},"27":{"loc":{"start":{"line":230,"column":6},"end":{"line":232,"column":null}},"type":"if","locations":[{"start":{"line":230,"column":6},"end":{"line":232,"column":null}},{"start":{},"end":{}}],"line":230},"28":{"loc":{"start":{"line":230,"column":10},"end":{"line":230,"column":48}},"type":"binary-expr","locations":[{"start":{"line":230,"column":10},"end":{"line":230,"column":15}},{"start":{"line":230,"column":19},"end":{"line":230,"column":48}}],"line":230},"29":{"loc":{"start":{"line":239,"column":6},"end":{"line":239,"column":null}},"type":"if","locations":[{"start":{"line":239,"column":6},"end":{"line":239,"column":null}},{"start":{},"end":{}}],"line":239},"30":{"loc":{"start":{"line":246,"column":6},"end":{"line":252,"column":null}},"type":"if","locations":[{"start":{"line":246,"column":6},"end":{"line":252,"column":null}},{"start":{},"end":{}}],"line":246},"31":{"loc":{"start":{"line":286,"column":6},"end":{"line":286,"column":null}},"type":"if","locations":[{"start":{"line":286,"column":6},"end":{"line":286,"column":null}},{"start":{},"end":{}}],"line":286},"32":{"loc":{"start":{"line":303,"column":6},"end":{"line":310,"column":null}},"type":"if","locations":[{"start":{"line":303,"column":6},"end":{"line":310,"column":null}},{"start":{},"end":{}}],"line":303},"33":{"loc":{"start":{"line":303,"column":10},"end":{"line":303,"column":44}},"type":"binary-expr","locations":[{"start":{"line":303,"column":10},"end":{"line":303,"column":27}},{"start":{"line":303,"column":31},"end":{"line":303,"column":44}}],"line":303},"34":{"loc":{"start":{"line":327,"column":8},"end":{"line":329,"column":null}},"type":"if","locations":[{"start":{"line":327,"column":8},"end":{"line":329,"column":null}},{"start":{},"end":{}}],"line":327},"35":{"loc":{"start":{"line":351,"column":8},"end":{"line":353,"column":null}},"type":"if","locations":[{"start":{"line":351,"column":8},"end":{"line":353,"column":null}},{"start":{},"end":{}}],"line":351},"36":{"loc":{"start":{"line":363,"column":8},"end":{"line":371,"column":10}},"type":"binary-expr","locations":[{"start":{"line":363,"column":8},"end":{"line":363,"column":12}},{"start":{"line":363,"column":16},"end":{"line":371,"column":10}}],"line":363},"37":{"loc":{"start":{"line":393,"column":8},"end":{"line":411,"column":10}},"type":"binary-expr","locations":[{"start":{"line":393,"column":8},"end":{"line":393,"column":19}},{"start":{"line":393,"column":23},"end":{"line":411,"column":10}}],"line":393},"38":{"loc":{"start":{"line":414,"column":8},"end":{"line":423,"column":10}},"type":"binary-expr","locations":[{"start":{"line":414,"column":8},"end":{"line":414,"column":19}},{"start":{"line":414,"column":23},"end":{"line":423,"column":10}}],"line":414},"39":{"loc":{"start":{"line":426,"column":8},"end":{"line":445,"column":10}},"type":"binary-expr","locations":[{"start":{"line":426,"column":8},"end":{"line":426,"column":19}},{"start":{"line":426,"column":23},"end":{"line":445,"column":10}}],"line":426},"40":{"loc":{"start":{"line":448,"column":8},"end":{"line":473,"column":10}},"type":"binary-expr","locations":[{"start":{"line":448,"column":8},"end":{"line":448,"column":11}},{"start":{"line":448,"column":15},"end":{"line":473,"column":10}}],"line":448},"41":{"loc":{"start":{"line":476,"column":8},"end":{"line":514,"column":10}},"type":"binary-expr","locations":[{"start":{"line":476,"column":8},"end":{"line":476,"column":11}},{"start":{"line":476,"column":15},"end":{"line":514,"column":10}}],"line":476},"42":{"loc":{"start":{"line":511,"column":10},"end":{"line":513,"column":null}},"type":"binary-expr","locations":[{"start":{"line":511,"column":10},"end":{"line":511,"column":25}},{"start":{"line":511,"column":29},"end":{"line":513,"column":null}}],"line":511},"43":{"loc":{"start":{"line":517,"column":8},"end":{"line":527,"column":10}},"type":"binary-expr","locations":[{"start":{"line":517,"column":8},"end":{"line":517,"column":11}},{"start":{"line":517,"column":15},"end":{"line":527,"column":10}}],"line":517},"44":{"loc":{"start":{"line":523,"column":13},"end":{"line":523,"column":90}},"type":"cond-expr","locations":[{"start":{"line":523,"column":28},"end":{"line":523,"column":56}},{"start":{"line":523,"column":59},"end":{"line":523,"column":90}}],"line":523},"45":{"loc":{"start":{"line":530,"column":8},"end":{"line":569,"column":10}},"type":"binary-expr","locations":[{"start":{"line":530,"column":8},"end":{"line":530,"column":11}},{"start":{"line":530,"column":15},"end":{"line":530,"column":27}},{"start":{"line":530,"column":31},"end":{"line":569,"column":10}}],"line":530},"46":{"loc":{"start":{"line":562,"column":12},"end":{"line":567,"column":null}},"type":"binary-expr","locations":[{"start":{"line":562,"column":12},"end":{"line":562,"column":33}},{"start":{"line":562,"column":37},"end":{"line":567,"column":null}}],"line":562},"47":{"loc":{"start":{"line":572,"column":8},"end":{"line":579,"column":null}},"type":"binary-expr","locations":[{"start":{"line":572,"column":8},"end":{"line":572,"column":11}},{"start":{"line":572,"column":15},"end":{"line":579,"column":null}}],"line":572},"48":{"loc":{"start":{"line":588,"column":4},"end":{"line":590,"column":null}},"type":"if","locations":[{"start":{"line":588,"column":4},"end":{"line":590,"column":null}},{"start":{},"end":{}}],"line":588},"49":{"loc":{"start":{"line":588,"column":8},"end":{"line":588,"column":28}},"type":"binary-expr","locations":[{"start":{"line":588,"column":8},"end":{"line":588,"column":14}},{"start":{"line":588,"column":18},"end":{"line":588,"column":28}}],"line":588},"50":{"loc":{"start":{"line":592,"column":21},"end":{"line":592,"column":71}},"type":"binary-expr","locations":[{"start":{"line":592,"column":21},"end":{"line":592,"column":32}},{"start":{"line":592,"column":36},"end":{"line":592,"column":71}}],"line":592},"51":{"loc":{"start":{"line":597,"column":13},"end":{"line":597,"column":34}},"type":"binary-expr","locations":[{"start":{"line":597,"column":13},"end":{"line":597,"column":22}},{"start":{"line":597,"column":26},"end":{"line":597,"column":34}}],"line":597},"52":{"loc":{"start":{"line":602,"column":8},"end":{"line":602,"column":null}},"type":"binary-expr","locations":[{"start":{"line":602,"column":8},"end":{"line":602,"column":17}},{"start":{"line":602,"column":21},"end":{"line":602,"column":null}}],"line":602},"53":{"loc":{"start":{"line":604,"column":6},"end":{"line":606,"column":7}},"type":"binary-expr","locations":[{"start":{"line":604,"column":6},"end":{"line":604,"column":22}},{"start":{"line":604,"column":26},"end":{"line":606,"column":7}}],"line":604},"54":{"loc":{"start":{"line":607,"column":6},"end":{"line":609,"column":null}},"type":"binary-expr","locations":[{"start":{"line":607,"column":6},"end":{"line":607,"column":14}},{"start":{"line":607,"column":18},"end":{"line":609,"column":null}}],"line":607}},"s":{"0":0,"1":0,"2":0,"3":0,"4":0,"5":0,"6":0,"7":0,"8":0,"9":0,"10":0,"11":0,"12":0,"13":0,"14":0,"15":0,"16":0,"17":0,"18":0,"19":0,"20":0,"21":0,"22":0,"23":0,"24":0,"25":0,"26":0,"27":0,"28":0,"29":0,"30":0,"31":0,"32":0,"33":0,"34":0,"35":0,"36":0,"37":0,"38":0,"39":0,"40":0,"41":0,"42":0,"43":0,"44":0,"45":0,"46":0,"47":0,"48":0,"49":0,"50":0,"51":0,"52":0,"53":0,"54":0,"55":0,"56":0,"57":0,"58":0,"59":0,"60":0,"61":0,"62":0,"63":0,"64":0,"65":0,"66":0,"67":0,"68":0,"69":0,"70":0,"71":0,"72":0,"73":0,"74":0,"75":0,"76":0,"77":0,"78":0,"79":0,"80":0,"81":0,"82":0,"83":0,"84":0,"85":0,"86":0,"87":0,"88":0,"89":0,"90":0,"91":0,"92":0,"93":0,"94":0,"95":0,"96":0,"97":0,"98":0,"99":0,"100":0,"101":0,"102":0,"103":0,"104":0,"105":0,"106":0,"107":0,"108":0,"109":0,"110":0,"111":0,"112":0,"113":0,"114":0,"115":0,"116":0,"117":0,"118":0,"119":0},"f":{"0":0,"1":0,"2":0,"3":0,"4":0,"5":0,"6":0,"7":0,"8":0,"9":0,"10":0,"11":0,"12":0,"13":0,"14":0,"15":0,"16":0,"17":0,"18":0,"19":0,"20":0,"21":0,"22":0,"23":0,"24":0,"25":0,"26":0,"27":0,"28":0,"29":0,"30":0,"31":0,"32":0,"33":0,"34":0,"35":0,"36":0,"37":0},"b":{"0":[0,0],"1":[0,0],"2":[0,0],"3":[0,0],"4":[0,0],"5":[0,0],"6":[0,0],"7":[0,0],"8":[0,0],"9":[0,0],"10":[0,0],"11":[0,0],"12":[0,0],"13":[0,0],"14":[0,0],"15":[0,0,0],"16":[0,0],"17":[0,0,0],"18":[0,0],"19":[0,0],"20":[0,0],"21":[0,0],"22":[0,0],"23":[0,0],"24":[0,0],"25":[0,0],"26":[0,0],"27":[0,0],"28":[0,0],"29":[0,0],"30":[0,0],"31":[0,0],"32":[0,0],"33":[0,0],"34":[0,0],"35":[0,0],"36":[0,0],"37":[0,0],"38":[0,0],"39":[0,0],"40":[0,0],"41":[0,0],"42":[0,0],"43":[0,0],"44":[0,0],"45":[0,0,0],"46":[0,0],"47":[0,0],"48":[0,0],"49":[0,0],"50":[0,0],"51":[0,0],"52":[0,0],"53":[0,0],"54":[0,0]},"meta":{"lastBranch":55,"lastFunction":38,"lastStatement":120,"seen":{"s:40:0:618:Infinity":0,"f:40:35:40:40":0,"s:42:12:42:31":1,"s:43:22:43:45":2,"s:46:25:51:3":3,"f:58:11:58:24":1,"s:59:4:106:Infinity":4,"f:59:23:59:24":2,"s:60:27:60:68":5,"s:61:26:61:42":6,"b:64:6:71:Infinity:undefined:undefined:undefined:undefined":0,"s:64:6:71:Infinity":7,"s:65:29:65:80":8,"b:65:29:65:67:65:71:65:80":1,"s:66:8:69:Infinity":9,"s:70:8:70:Infinity":10,"b:74:6:81:Infinity:undefined:undefined:undefined:undefined":2,"s:74:6:81:Infinity":11,"s:75:23:75:61":12,"s:76:8:79:Infinity":13,"s:80:8:80:Infinity":14,"s:84:18:84:29":15,"s:85:6:101:Infinity":16,"f:85:19:85:20":3,"b:86:8:92:Infinity:undefined:undefined:undefined:undefined":3,"s:86:8:92:Infinity":17,"b:86:12:86:27:86:31:86:47":4,"s:87:10:90:Infinity":18,"s:91:10:91:Infinity":19,"b:93:8:99:Infinity:undefined:undefined:undefined:undefined":5,"s:93:8:99:Infinity":20,"b:93:12:93:28:93:32:93:49":6,"s:94:10:97:Infinity":21,"s:98:10:98:Infinity":22,"s:100:8:100:Infinity":23,"s:102:6:104:Infinity":24,"f:102:20:102:21":4,"s:103:8:103:Infinity":25,"s:105:6:105:Infinity":26,"s:112:27:582:4":27,"f:113:4:113:19":5,"s:114:20:114:42":28,"b:114:20:114:36:114:40:114:42":7,"s:115:6:126:Infinity":29,"b:116:13:116:22:116:26:116:28":8,"b:117:13:117:22:117:26:117:28":9,"b:118:20:118:36:118:40:118:56":10,"b:119:15:119:26:119:30:119:32":11,"f:129:4:129:21":6,"b:131:6:134:Infinity:undefined:undefined:undefined:undefined":12,"s:131:6:134:Infinity":30,"b:131:10:131:24:131:28:131:43":13,"s:133:8:133:Infinity":31,"f:137:4:137:22":7,"b:139:6:148:Infinity:145:13:148:Infinity":14,"s:139:6:148:Infinity":32,"b:139:10:139:33:139:37:139:51:139:55:139:75":15,"b:140:8:144:Infinity:undefined:undefined:undefined:undefined":16,"s:140:8:144:Infinity":33,"b:140:12:140:28:141:12:141:66:142:12:142:62":17,"s:143:10:143:Infinity":34,"b:145:13:148:Infinity:undefined:undefined:undefined:undefined":18,"s:145:13:148:Infinity":35,"b:145:17:145:41:145:45:145:60":19,"s:147:8:147:Infinity":36,"f:151:4:151:24":8,"s:152:6:152:Infinity":37,"f:155:4:155:21":9,"s:157:6:157:Infinity":38,"b:160:6:164:Infinity:undefined:undefined:undefined:undefined":20,"s:160:6:164:Infinity":39,"s:161:8:161:Infinity":40,"s:162:8:162:Infinity":41,"f:162:19:162:20":10,"s:162:25:162:49":42,"s:163:8:163:Infinity":43,"s:166:45:166:55":44,"s:167:26:167:56":45,"b:169:6:169:Infinity:undefined:undefined:undefined:undefined":21,"s:169:6:169:Infinity":46,"b:169:10:169:31:169:35:169:39":22,"s:169:41:169:Infinity":47,"s:172:6:204:Infinity":48,"f:185:14:185:15":11,"s:187:27:192:11":49,"s:194:10:202:Infinity":50,"f:199:13:199:14":12,"s:201:12:201:Infinity":51,"f:207:4:207:18":13,"b:208:6:211:Infinity:undefined:undefined:undefined:undefined":23,"s:208:6:211:Infinity":52,"s:209:8:209:Infinity":53,"s:210:8:210:Infinity":54,"f:214:4:214:15":14,"s:215:46:215:56":55,"b:217:6:221:Infinity:undefined:undefined:undefined:undefined":24,"s:217:6:221:Infinity":56,"s:219:8:219:Infinity":57,"s:220:8:220:Infinity":58,"s:223:20:227:7":59,"b:225:13:225:16:225:20:225:22":25,"b:226:20:226:30:226:34:226:Infinity":26,"b:230:6:232:Infinity:undefined:undefined:undefined:undefined":27,"s:230:6:232:Infinity":60,"b:230:10:230:15:230:19:230:48":28,"s:231:8:231:Infinity":61,"s:234:6:234:Infinity":62,"f:237:4:237:20":15,"s:238:19:238:38":63,"b:239:6:239:Infinity:undefined:undefined:undefined:undefined":29,"s:239:6:239:Infinity":64,"s:239:17:239:Infinity":65,"s:241:6:241:Infinity":66,"s:244:25:244:50":67,"b:246:6:252:Infinity:undefined:undefined:undefined:undefined":30,"s:246:6:252:Infinity":68,"s:247:8:250:Infinity":69,"s:251:8:251:Infinity":70,"s:255:21:255:37":71,"s:256:6:269:Infinity":72,"f:256:22:256:23":16,"s:257:8:268:Infinity":73,"f:262:11:262:12":17,"s:263:10:263:Infinity":74,"s:265:10:267:Infinity":75,"f:265:21:265:22":18,"s:266:12:266:Infinity":76,"s:270:6:275:Infinity":77,"f:270:23:270:24":19,"s:271:8:274:Infinity":78,"s:276:6:276:Infinity":79,"f:279:4:279:19":20,"s:280:6:282:Infinity":80,"f:280:45:280:46":21,"s:281:8:281:Infinity":81,"f:285:4:285:25":22,"b:286:6:286:Infinity:undefined:undefined:undefined:undefined":31,"s:286:6:286:Infinity":82,"s:286:33:286:Infinity":83,"s:288:19:288:63":84,"s:289:16:289:60":85,"s:290:16:290:60":86,"s:292:6:299:Infinity":87,"f:297:9:297:10":23,"s:298:8:298:Infinity":88,"f:302:4:302:27":24,"b:303:6:310:Infinity:undefined:undefined:undefined:undefined":32,"s:303:6:310:Infinity":89,"b:303:10:303:27:303:31:303:44":33,"s:304:8:304:Infinity":90,"s:305:8:309:Infinity":91,"f:307:11:307:12":25,"s:308:10:308:Infinity":92,"f:313:4:313:21":26,"s:314:6:314:28":93,"s:315:6:330:Infinity":94,"f:324:9:324:10":27,"s:325:8:325:Infinity":95,"b:327:8:329:Infinity:undefined:undefined:undefined:undefined":34,"s:327:8:329:Infinity":96,"s:328:10:328:Infinity":97,"f:333:4:333:24":28,"s:334:6:334:Infinity":98,"f:337:4:337:23":29,"s:338:6:338:Infinity":99,"f:341:4:341:19":30,"s:342:40:342:50":100,"s:345:23:345:35":101,"s:346:6:346:Infinity":102,"s:348:6:354:Infinity":103,"f:348:41:348:42":31,"s:349:8:349:Infinity":104,"b:351:8:353:Infinity:undefined:undefined:undefined:undefined":35,"s:351:8:353:Infinity":105,"s:352:10:352:Infinity":106,"f:357:4:357:10":32,"s:358:132:358:142":107,"s:359:24:359:34":108,"s:361:6:580:Infinity":109,"b:363:8:363:12:363:16:371:10":36,"f:378:17:378:18":33,"s:378:27:378:50":110,"b:393:8:393:19:393:23:411:10":37,"b:414:8:414:19:414:23:423:10":38,"b:426:8:426:19:426:23:445:10":39,"b:448:8:448:11:448:15:473:10":40,"b:476:8:476:11:476:15:514:10":41,"f:490:19:490:20":34,"s:490:29:490:55":111,"b:511:10:511:25:511:29:513:Infinity":42,"b:517:8:517:11:517:15:527:10":43,"b:523:28:523:56:523:59:523:90":44,"b:530:8:530:11:530:15:530:27:530:31:569:10":45,"f:539:50:539:51":35,"s:540:14:540:Infinity":112,"f:555:21:555:22":36,"s:555:31:555:57":113,"b:562:12:562:33:562:37:567:Infinity":46,"b:572:8:572:11:572:15:579:Infinity":47,"s:587:27:611:3":114,"f:587:27:587:28":37,"b:588:4:590:Infinity:undefined:undefined:undefined:undefined":48,"s:588:4:590:Infinity":115,"b:588:8:588:14:588:18:588:28":49,"s:589:6:589:Infinity":116,"s:592:21:592:71":117,"b:592:21:592:32:592:36:592:71":50,"s:594:4:610:Infinity":118,"b:597:13:597:22:597:26:597:34":51,"b:602:8:602:17:602:21:602:Infinity":52,"b:604:6:604:22:604:26:606:7":53,"b:607:6:607:14:607:18:609:Infinity":54,"s:614:2:617:Infinity":119}}}
,"/home/rjicha/source/playground/dgkralupy/src/content/config.ts": {"path":"/home/rjicha/source/playground/dgkralupy/src/content/config.ts","statementMap":{"0":{"start":{"line":4,"column":26},"end":{"line":4,"column":null}},"1":{"start":{"line":7,"column":28},"end":{"line":52,"column":null}},"2":{"start":{"line":55,"column":20},"end":{"line":55,"column":null}},"3":{"start":{"line":58,"column":6},"end":{"line":71,"column":null}},"4":{"start":{"line":74,"column":6},"end":{"line":85,"column":null}},"5":{"start":{"line":88,"column":6},"end":{"line":111,"column":null}},"6":{"start":{"line":113,"column":6},"end":{"line":133,"column":null}},"7":{"start":{"line":135,"column":6},"end":{"line":146,"column":null}},"8":{"start":{"line":148,"column":6},"end":{"line":161,"column":null}},"9":{"start":{"line":163,"column":6},"end":{"line":169,"column":null}},"10":{"start":{"line":172,"column":27},"end":{"line":180,"column":null}}},"fnMap":{},"branchMap":{},"s":{"0":0,"1":0,"2":0,"3":0,"4":0,"5":0,"6":0,"7":0,"8":0,"9":0,"10":0},"f":{},"b":{},"meta":{"lastBranch":0,"lastFunction":0,"lastStatement":11,"seen":{"s:4:26:4:Infinity":0,"s:7:28:52:Infinity":1,"s:55:20:55:Infinity":2,"s:58:6:71:Infinity":3,"s:74:6:85:Infinity":4,"s:88:6:111:Infinity":5,"s:113:6:133:Infinity":6,"s:135:6:146:Infinity":7,"s:148:6:161:Infinity":8,"s:163:6:169:Infinity":9,"s:172:27:180:Infinity":10}}}
,"/home/rjicha/source/playground/dgkralupy/src/lib/constants.ts": {"path":"/home/rjicha/source/playground/dgkralupy/src/lib/constants.ts","statementMap":{"0":{"start":{"line":5,"column":25},"end":{"line":5,"column":null}},"1":{"start":{"line":6,"column":32},"end":{"line":6,"column":null}}},"fnMap":{},"branchMap":{},"s":{"0":0,"1":0},"f":{},"b":{},"meta":{"lastBranch":0,"lastFunction":0,"lastStatement":2,"seen":{"s:5:25:5:Infinity":0,"s:6:32:6:Infinity":1}}}
,"/home/rjicha/source/playground/dgkralupy/src/lib/utils/imageProcessing.ts": {"path":"/home/rjicha/source/playground/dgkralupy/src/lib/utils/imageProcessing.ts","statementMap":{"0":{"start":{"line":40,"column":48},"end":{"line":40,"column":null}},"1":{"start":{"line":41,"column":38},"end":{"line":41,"column":null}},"2":{"start":{"line":43,"column":2},"end":{"line":107,"column":null}},"3":{"start":{"line":44,"column":4},"end":{"line":100,"column":null}},"4":{"start":{"line":45,"column":19},"end":{"line":45,"column":null}},"5":{"start":{"line":46,"column":23},"end":{"line":48,"column":null}},"6":{"start":{"line":51,"column":19},"end":{"line":59,"column":null}},"7":{"start":{"line":62,"column":19},"end":{"line":70,"column":null}},"8":{"start":{"line":73,"column":18},"end":{"line":81,"column":null}},"9":{"start":{"line":83,"column":6},"end":{"line":99,"column":null}},"10":{"start":{"line":102,"column":4},"end":{"line":102,"column":null}},"11":{"start":{"line":104,"column":4},"end":{"line":104,"column":null}},"12":{"start":{"line":106,"column":4},"end":{"line":106,"column":null}},"13":{"start":{"line":124,"column":2},"end":{"line":130,"column":null}},"14":{"start":{"line":125,"column":4},"end":{"line":129,"column":null}},"15":{"start":{"line":133,"column":2},"end":{"line":138,"column":null}}},"fnMap":{"0":{"name":"generateImageVariants","decl":{"start":{"line":37,"column":22},"end":{"line":37,"column":null}},"loc":{"start":{"line":39,"column":37},"end":{"line":108,"column":null}},"line":39},"1":{"name":"normalizeImageData","decl":{"start":{"line":117,"column":16},"end":{"line":117,"column":35}},"loc":{"start":{"line":122,"column":2},"end":{"line":139,"column":null}},"line":122}},"branchMap":{"0":{"loc":{"start":{"line":46,"column":23},"end":{"line":48,"column":null}},"type":"cond-expr","locations":[{"start":{"line":47,"column":10},"end":{"line":47,"column":null}},{"start":{"line":48,"column":10},"end":{"line":48,"column":null}}],"line":46},"1":{"loc":{"start":{"line":86,"column":17},"end":{"line":86,"column":null}},"type":"binary-expr","locations":[{"start":{"line":86,"column":17},"end":{"line":86,"column":39}},{"start":{"line":86,"column":39},"end":{"line":86,"column":null}}],"line":86},"2":{"loc":{"start":{"line":87,"column":18},"end":{"line":87,"column":null}},"type":"binary-expr","locations":[{"start":{"line":87,"column":18},"end":{"line":87,"column":41}},{"start":{"line":87,"column":41},"end":{"line":87,"column":null}}],"line":87},"3":{"loc":{"start":{"line":91,"column":17},"end":{"line":91,"column":null}},"type":"binary-expr","locations":[{"start":{"line":91,"column":17},"end":{"line":91,"column":39}},{"start":{"line":91,"column":39},"end":{"line":91,"column":null}}],"line":91},"4":{"loc":{"start":{"line":92,"column":18},"end":{"line":92,"column":null}},"type":"binary-expr","locations":[{"start":{"line":92,"column":18},"end":{"line":92,"column":41}},{"start":{"line":92,"column":41},"end":{"line":92,"column":null}}],"line":92},"5":{"loc":{"start":{"line":96,"column":17},"end":{"line":96,"column":null}},"type":"binary-expr","locations":[{"start":{"line":96,"column":17},"end":{"line":96,"column":38}},{"start":{"line":96,"column":38},"end":{"line":96,"column":null}}],"line":96},"6":{"loc":{"start":{"line":97,"column":18},"end":{"line":97,"column":null}},"type":"binary-expr","locations":[{"start":{"line":97,"column":18},"end":{"line":97,"column":40}},{"start":{"line":97,"column":40},"end":{"line":97,"column":null}}],"line":97},"7":{"loc":{"start":{"line":124,"column":2},"end":{"line":130,"column":null}},"type":"if","locations":[{"start":{"line":124,"column":2},"end":{"line":130,"column":null}},{"start":{},"end":{}}],"line":124},"8":{"loc":{"start":{"line":135,"column":9},"end":{"line":135,"column":null}},"type":"binary-expr","locations":[{"start":{"line":135,"column":9},"end":{"line":135,"column":26}},{"start":{"line":135,"column":26},"end":{"line":135,"column":null}}],"line":135},"9":{"loc":{"start":{"line":136,"column":16},"end":{"line":136,"column":null}},"type":"binary-expr","locations":[{"start":{"line":136,"column":16},"end":{"line":136,"column":40}},{"start":{"line":136,"column":40},"end":{"line":136,"column":null}}],"line":136}},"s":{"0":0,"1":0,"2":0,"3":0,"4":0,"5":0,"6":0,"7":0,"8":0,"9":0,"10":0,"11":0,"12":0,"13":28,"14":11,"15":17},"f":{"0":0,"1":28},"b":{"0":[0,0],"1":[0,0],"2":[0,0],"3":[0,0],"4":[0,0],"5":[0,0],"6":[0,0],"7":[11,17],"8":[17,4],"9":[28,8]},"meta":{"lastBranch":10,"lastFunction":2,"lastStatement":16,"seen":{"f:37:22:37:Infinity":0,"s:40:48:40:Infinity":0,"s:41:38:41:Infinity":1,"s:43:2:107:Infinity":2,"s:44:4:100:Infinity":3,"s:45:19:45:Infinity":4,"s:46:23:48:Infinity":5,"b:47:10:47:Infinity:48:10:48:Infinity":0,"s:51:19:59:Infinity":6,"s:62:19:70:Infinity":7,"s:73:18:81:Infinity":8,"s:83:6:99:Infinity":9,"b:86:17:86:39:86:39:86:Infinity":1,"b:87:18:87:41:87:41:87:Infinity":2,"b:91:17:91:39:91:39:91:Infinity":3,"b:92:18:92:41:92:41:92:Infinity":4,"b:96:17:96:38:96:38:96:Infinity":5,"b:97:18:97:40:97:40:97:Infinity":6,"s:102:4:102:Infinity":10,"s:104:4:104:Infinity":11,"s:106:4:106:Infinity":12,"f:117:16:117:35":1,"b:124:2:130:Infinity:undefined:undefined:undefined:undefined":7,"s:124:2:130:Infinity":13,"s:125:4:129:Infinity":14,"s:133:2:138:Infinity":15,"b:135:9:135:26:135:26:135:Infinity":8,"b:136:16:136:40:136:40:136:Infinity":9}}}
,"/home/rjicha/source/playground/dgkralupy/src/lib/utils/imageVariants.ts": {"path":"/home/rjicha/source/playground/dgkralupy/src/lib/utils/imageVariants.ts","statementMap":{"0":{"start":{"line":24,"column":30},"end":{"line":49,"column":null}}},"fnMap":{},"branchMap":{},"s":{"0":3},"f":{},"b":{},"meta":{"lastBranch":0,"lastFunction":0,"lastStatement":1,"seen":{"s:24:30:49:Infinity":0}}}
,"/home/rjicha/source/playground/dgkralupy/src/types/image.ts": {"path":"/home/rjicha/source/playground/dgkralupy/src/types/image.ts","statementMap":{},"fnMap":{},"branchMap":{},"s":{},"f":{},"b":{},"meta":{"lastBranch":0,"lastFunction":0,"lastStatement":0,"seen":{}}}
}
